2002.11.20 23:06 B E:\Mes sites Web\angcpnet\images\asstvg\abiocor2.jpg --> home.pi.be /pubwww/angcpnet/images/asstvg abiocor2.jpg
2002.11.20 23:06 B E:\Mes sites Web\angcpnet\images\asstvg\abiocor_system.jpg --> home.pi.be /pubwww/angcpnet/images/asstvg abiocor_system.jpg
2002.11.20 23:06 B E:\Mes sites Web\angcpnet\images\asstvg\abiomed-bvs5000.jpg --> home.pi.be /pubwww/angcpnet/images/asstvg abiomed-bvs5000.jpg
2002.11.20 23:06 B E:\Mes sites Web\angcpnet\images\asstvg\console iabp.gif --> home.pi.be /pubwww/angcpnet/images/asstvg console iabp.gif
2002.11.20 23:06 B E:\Mes sites Web\angcpnet\images\asstvg\hm1_150.jpg --> home.pi.be /pubwww/angcpnet/images/asstvg hm1_150.jpg
2002.11.20 23:06 B E:\Mes sites Web\angcpnet\images\asstvg\hm5_150.jpg --> home.pi.be /pubwww/angcpnet/images/asstvg hm5_150.jpg
2002.11.20 23:06 B E:\Mes sites Web\angcpnet\images\asstvg\hmip_console.jpg --> home.pi.be /pubwww/angcpnet/images/asstvg hmip_console.jpg
2002.11.20 23:06 B E:\Mes sites Web\angcpnet\images\asstvg\hmmat8_150.jpg --> home.pi.be /pubwww/angcpnet/images/asstvg hmmat8_150.jpg
2002.11.20 23:06 B E:\Mes sites Web\angcpnet\images\asstvg\hmschm_fonct380.jpg --> home.pi.be /pubwww/angcpnet/images/asstvg hmschm_fonct380.jpg
2002.11.20 23:06 B E:\Mes sites Web\angcpnet\images\asstvg\hmve_console.gif --> home.pi.be /pubwww/angcpnet/images/asstvg hmve_console.gif
2002.11.20 23:06 B E:\Mes sites Web\angcpnet\images\asstvg\hmve_controller.gif --> home.pi.be /pubwww/angcpnet/images/asstvg hmve_controller.gif
2002.11.20 23:06 B E:\Mes sites Web\angcpnet\images\asstvg\hmve_pbu.gif --> home.pi.be /pubwww/angcpnet/images/asstvg hmve_pbu.gif
2002.11.20 23:06 B E:\Mes sites Web\angcpnet\images\asstvg\iabp_cath.jpg --> home.pi.be /pubwww/angcpnet/images/asstvg iabp_cath.jpg
2002.11.20 23:06 B E:\Mes sites Web\angcpnet\images\asstvg\jarvik2000a.jpg --> home.pi.be /pubwww/angcpnet/images/asstvg jarvik2000a.jpg
2002.11.20 23:06 B E:\Mes sites Web\angcpnet\images\asstvg\jarvik7b.jpg --> home.pi.be /pubwww/angcpnet/images/asstvg jarvik7b.jpg
2002.11.20 23:06 B E:\Mes sites Web\angcpnet\images\asstvg\lion-heart.gif --> home.pi.be /pubwww/angcpnet/images/asstvg lion-heart.gif
2002.11.20 23:06 B E:\Mes sites Web\angcpnet\images\asstvg\patients_ve_implant.jpg --> home.pi.be /pubwww/angcpnet/images/asstvg patients_ve_implant.jpg
2002.11.20 23:07 B E:\Mes sites Web\angcpnet\images\asstvg\schema1_abiocor.gif --> home.pi.be /pubwww/angcpnet/images/asstvg schema1_abiocor.gif
2002.11.20 23:07 B E:\Mes sites Web\angcpnet\images\asstvg\schema2_abiocor.jpg --> home.pi.be /pubwww/angcpnet/images/asstvg schema2_abiocor.jpg
2002.11.20 23:07 B E:\Mes sites Web\angcpnet\images\asstvg\schema_abiomedbvs5000.jpg --> home.pi.be /pubwww/angcpnet/images/asstvg schema_abiomedbvs5000.jpg
2002.11.20 23:07 B E:\Mes sites Web\angcpnet\images\asstvg\schema_lvad.jpg --> home.pi.be /pubwww/angcpnet/images/asstvg schema_lvad.jpg
2002.11.20 23:07 B E:\Mes sites Web\angcpnet\images\asstvg\schm_bdg.gif --> home.pi.be /pubwww/angcpnet/images/asstvg schm_bdg.gif
2002.11.20 23:07 B E:\Mes sites Web\angcpnet\images\asstvg\schm_bg.gif --> home.pi.be /pubwww/angcpnet/images/asstvg schm_bg.gif
2002.11.20 23:07 B E:\Mes sites Web\angcpnet\images\asstvg\schm_lion.gif --> home.pi.be /pubwww/angcpnet/images/asstvg schm_lion.gif
2002.11.20 23:07 B E:\Mes sites Web\angcpnet\images\asstvg\schm_thoratec.jpg --> home.pi.be /pubwww/angcpnet/images/asstvg schm_thoratec.jpg
2002.11.20 23:07 B E:\Mes sites Web\angcpnet\images\asstvg\schma_jarvik2000.gif --> home.pi.be /pubwww/angcpnet/images/asstvg schma_jarvik2000.gif
2002.11.20 23:07 B E:\Mes sites Web\angcpnet\images\asstvg\thoratec_dock.jpg --> home.pi.be /pubwww/angcpnet/images/asstvg thoratec_dock.jpg
2002.11.23 18:34 B E:\Mes sites Web\angcpnet\images\asstvg\canules_thoratec.jpg --> home.pi.be /pubwww/angcpnet/images/asstvg canules_thoratec.jpg
2002.11.23 18:34 B E:\Mes sites Web\angcpnet\images\asstvg\console_thoratec.jpg --> home.pi.be /pubwww/angcpnet/images/asstvg console_thoratec.jpg
2002.11.23 18:34 B E:\Mes sites Web\angcpnet\images\asstvg\patient1_thoratec.jpg --> home.pi.be /pubwww/angcpnet/images/asstvg patient1_thoratec.jpg
2002.11.23 18:34 B E:\Mes sites Web\angcpnet\images\asstvg\patient2_thoratec.jpg --> home.pi.be /pubwww/angcpnet/images/asstvg patient2_thoratec.jpg
2002.11.23 18:34 B E:\Mes sites Web\angcpnet\images\asstvg\pompe_thoratec.jpg --> home.pi.be /pubwww/angcpnet/images/asstvg pompe_thoratec.jpg
2002.11.23 18:34 B E:\Mes sites Web\angcpnet\images\asstvg\schm_thoratec.jpg --> home.pi.be /pubwww/angcpnet/images/asstvg schm_thoratec.jpg
2002.11.24 18:32 B E:\Mes sites Web\angcpnet\images\asstvg\patient1_thoratec.jpg --> home.pi.be /pubwww/angcpnet/images/asstvg patient1_thoratec.jpg
2002.11.24 18:32 B E:\Mes sites Web\angcpnet\images\asstvg\patient2_thoratec.jpg --> home.pi.be /pubwww/angcpnet/images/asstvg patient2_thoratec.jpg
2004.06.12 16:23 B C:\Documents\Mes sites Web\PI\angcpnet\images\asstvg\abiocor2.jpg --> ftp.webc.lyceu.net /www/images/asstvg abiocor2.jpg
2004.06.12 16:23 B C:\Documents\Mes sites Web\PI\angcpnet\images\asstvg\abiocor_system.jpg --> ftp.webc.lyceu.net /www/images/asstvg abiocor_system.jpg
2004.06.12 16:23 B C:\Documents\Mes sites Web\PI\angcpnet\images\asstvg\abiomed-bvs5000.jpg --> ftp.webc.lyceu.net /www/images/asstvg abiomed-bvs5000.jpg
2004.06.12 16:23 B C:\Documents\Mes sites Web\PI\angcpnet\images\asstvg\canules_thoratec.jpg --> ftp.webc.lyceu.net /www/images/asstvg canules_thoratec.jpg
2004.06.12 16:23 B C:\Documents\Mes sites Web\PI\angcpnet\images\asstvg\console iabp.gif --> ftp.webc.lyceu.net /www/images/asstvg console iabp.gif
2004.06.12 16:23 B C:\Documents\Mes sites Web\PI\angcpnet\images\asstvg\console_thoratec.jpg --> ftp.webc.lyceu.net /www/images/asstvg console_thoratec.jpg
2004.06.12 16:23 B C:\Documents\Mes sites Web\PI\angcpnet\images\asstvg\hm1_150.jpg --> ftp.webc.lyceu.net /www/images/asstvg hm1_150.jpg
2004.06.12 16:23 B C:\Documents\Mes sites Web\PI\angcpnet\images\asstvg\hm5_150.jpg --> ftp.webc.lyceu.net /www/images/asstvg hm5_150.jpg
2004.06.12 16:23 B C:\Documents\Mes sites Web\PI\angcpnet\images\asstvg\hmip_console.jpg --> ftp.webc.lyceu.net /www/images/asstvg hmip_console.jpg
2004.06.12 16:23 B C:\Documents\Mes sites Web\PI\angcpnet\images\asstvg\hmmat8_150.jpg --> ftp.webc.lyceu.net /www/images/asstvg hmmat8_150.jpg
2004.06.12 16:23 B C:\Documents\Mes sites Web\PI\angcpnet\images\asstvg\hmschm_fonct380.jpg --> ftp.webc.lyceu.net /www/images/asstvg hmschm_fonct380.jpg
2004.06.12 16:23 B C:\Documents\Mes sites Web\PI\angcpnet\images\asstvg\hmve_console.gif --> ftp.webc.lyceu.net /www/images/asstvg hmve_console.gif
2004.06.12 16:23 B C:\Documents\Mes sites Web\PI\angcpnet\images\asstvg\hmve_controller.gif --> ftp.webc.lyceu.net /www/images/asstvg hmve_controller.gif
2004.06.12 16:23 B C:\Documents\Mes sites Web\PI\angcpnet\images\asstvg\hmve_pbu.gif --> ftp.webc.lyceu.net /www/images/asstvg hmve_pbu.gif
2004.06.12 16:23 B C:\Documents\Mes sites Web\PI\angcpnet\images\asstvg\iabp_cath.jpg --> ftp.webc.lyceu.net /www/images/asstvg iabp_cath.jpg
2004.06.12 16:23 B C:\Documents\Mes sites Web\PI\angcpnet\images\asstvg\jarvik2000a.jpg --> ftp.webc.lyceu.net /www/images/asstvg jarvik2000a.jpg
2004.06.12 16:23 B C:\Documents\Mes sites Web\PI\angcpnet\images\asstvg\jarvik7b.jpg --> ftp.webc.lyceu.net /www/images/asstvg jarvik7b.jpg
2004.06.12 16:23 B C:\Documents\Mes sites Web\PI\angcpnet\images\asstvg\lion-heart.gif --> ftp.webc.lyceu.net /www/images/asstvg lion-heart.gif
2004.06.12 16:23 B C:\Documents\Mes sites Web\PI\angcpnet\images\asstvg\patient1_thoratec.jpg --> ftp.webc.lyceu.net /www/images/asstvg patient1_thoratec.jpg
2004.06.12 16:23 B C:\Documents\Mes sites Web\PI\angcpnet\images\asstvg\patient2_thoratec.jpg --> ftp.webc.lyceu.net /www/images/asstvg patient2_thoratec.jpg
2004.06.12 16:23 B C:\Documents\Mes sites Web\PI\angcpnet\images\asstvg\patients_ve_implant.jpg --> ftp.webc.lyceu.net /www/images/asstvg patients_ve_implant.jpg
2004.06.12 16:23 B C:\Documents\Mes sites Web\PI\angcpnet\images\asstvg\pompe_thoratec.jpg --> ftp.webc.lyceu.net /www/images/asstvg pompe_thoratec.jpg
2004.06.12 16:23 B C:\Documents\Mes sites Web\PI\angcpnet\images\asstvg\schema1_abiocor.gif --> ftp.webc.lyceu.net /www/images/asstvg schema1_abiocor.gif
2004.06.12 16:23 B C:\Documents\Mes sites Web\PI\angcpnet\images\asstvg\schema2_abiocor.jpg --> ftp.webc.lyceu.net /www/images/asstvg schema2_abiocor.jpg
2004.06.12 16:23 B C:\Documents\Mes sites Web\PI\angcpnet\images\asstvg\schema_abiomedbvs5000.jpg --> ftp.webc.lyceu.net /www/images/asstvg schema_abiomedbvs5000.jpg
2004.06.12 16:23 B C:\Documents\Mes sites Web\PI\angcpnet\images\asstvg\schema_lvad.jpg --> ftp.webc.lyceu.net /www/images/asstvg schema_lvad.jpg
2004.06.12 16:23 B C:\Documents\Mes sites Web\PI\angcpnet\images\asstvg\schm_bdg.gif --> ftp.webc.lyceu.net /www/images/asstvg schm_bdg.gif
2004.06.12 16:23 B C:\Documents\Mes sites Web\PI\angcpnet\images\asstvg\schm_bg.gif --> ftp.webc.lyceu.net /www/images/asstvg schm_bg.gif
2004.06.12 16:23 B C:\Documents\Mes sites Web\PI\angcpnet\images\asstvg\schm_lion.gif --> ftp.webc.lyceu.net /www/images/asstvg schm_lion.gif
2004.06.12 16:23 B C:\Documents\Mes sites Web\PI\angcpnet\images\asstvg\schm_thoratec.jpg --> ftp.webc.lyceu.net /www/images/asstvg schm_thoratec.jpg
2004.06.12 16:23 B C:\Documents\Mes sites Web\PI\angcpnet\images\asstvg\schma_jarvik2000.gif --> ftp.webc.lyceu.net /www/images/asstvg schma_jarvik2000.gif
2004.06.12 16:23 B C:\Documents\Mes sites Web\PI\angcpnet\images\asstvg\thoratec_dock.jpg --> ftp.webc.lyceu.net /www/images/asstvg thoratec_dock.jpg
2004.06.12 16:45 B C:\Documents\Mes sites Web\PI\angcpnet\images\asstvg\abiocor2.jpg --> ftp.webc.lyceu.net /www/angcp/images/asstvg abiocor2.jpg
2004.06.12 16:45 B C:\Documents\Mes sites Web\PI\angcpnet\images\asstvg\abiocor_system.jpg --> ftp.webc.lyceu.net /www/angcp/images/asstvg abiocor_system.jpg
2004.06.12 16:45 B C:\Documents\Mes sites Web\PI\angcpnet\images\asstvg\abiomed-bvs5000.jpg --> ftp.webc.lyceu.net /www/angcp/images/asstvg abiomed-bvs5000.jpg
2004.06.12 16:45 B C:\Documents\Mes sites Web\PI\angcpnet\images\asstvg\canules_thoratec.jpg --> ftp.webc.lyceu.net /www/angcp/images/asstvg canules_thoratec.jpg
2004.06.12 16:45 B C:\Documents\Mes sites Web\PI\angcpnet\images\asstvg\console iabp.gif --> ftp.webc.lyceu.net /www/angcp/images/asstvg console iabp.gif
2004.06.12 16:45 B C:\Documents\Mes sites Web\PI\angcpnet\images\asstvg\console_thoratec.jpg --> ftp.webc.lyceu.net /www/angcp/images/asstvg console_thoratec.jpg
2004.06.12 16:45 B C:\Documents\Mes sites Web\PI\angcpnet\images\asstvg\hm1_150.jpg --> ftp.webc.lyceu.net /www/angcp/images/asstvg hm1_150.jpg
2004.06.12 16:45 B C:\Documents\Mes sites Web\PI\angcpnet\images\asstvg\hm5_150.jpg --> ftp.webc.lyceu.net /www/angcp/images/asstvg hm5_150.jpg
2004.06.12 16:45 B C:\Documents\Mes sites Web\PI\angcpnet\images\asstvg\hmip_console.jpg --> ftp.webc.lyceu.net /www/angcp/images/asstvg hmip_console.jpg
2004.06.12 16:45 B C:\Documents\Mes sites Web\PI\angcpnet\images\asstvg\hmmat8_150.jpg --> ftp.webc.lyceu.net /www/angcp/images/asstvg hmmat8_150.jpg
2004.06.12 16:45 B C:\Documents\Mes sites Web\PI\angcpnet\images\asstvg\hmschm_fonct380.jpg --> ftp.webc.lyceu.net /www/angcp/images/asstvg hmschm_fonct380.jpg
2004.06.12 16:45 B C:\Documents\Mes sites Web\PI\angcpnet\images\asstvg\hmve_console.gif --> ftp.webc.lyceu.net /www/angcp/images/asstvg hmve_console.gif
2004.06.12 16:45 B C:\Documents\Mes sites Web\PI\angcpnet\images\asstvg\hmve_controller.gif --> ftp.webc.lyceu.net /www/angcp/images/asstvg hmve_controller.gif
2004.06.12 16:45 B C:\Documents\Mes sites Web\PI\angcpnet\images\asstvg\hmve_pbu.gif --> ftp.webc.lyceu.net /www/angcp/images/asstvg hmve_pbu.gif
2004.06.12 16:45 B C:\Documents\Mes sites Web\PI\angcpnet\images\asstvg\iabp_cath.jpg --> ftp.webc.lyceu.net /www/angcp/images/asstvg iabp_cath.jpg
2004.06.12 16:45 B C:\Documents\Mes sites Web\PI\angcpnet\images\asstvg\jarvik2000a.jpg --> ftp.webc.lyceu.net /www/angcp/images/asstvg jarvik2000a.jpg
2004.06.12 16:45 B C:\Documents\Mes sites Web\PI\angcpnet\images\asstvg\jarvik7b.jpg --> ftp.webc.lyceu.net /www/angcp/images/asstvg jarvik7b.jpg
2004.06.12 16:45 B C:\Documents\Mes sites Web\PI\angcpnet\images\asstvg\lion-heart.gif --> ftp.webc.lyceu.net /www/angcp/images/asstvg lion-heart.gif
2004.06.12 16:45 B C:\Documents\Mes sites Web\PI\angcpnet\images\asstvg\patient1_thoratec.jpg --> ftp.webc.lyceu.net /www/angcp/images/asstvg patient1_thoratec.jpg
2004.06.12 16:45 B C:\Documents\Mes sites Web\PI\angcpnet\images\asstvg\patient2_thoratec.jpg --> ftp.webc.lyceu.net /www/angcp/images/asstvg patient2_thoratec.jpg
2004.06.12 16:45 B C:\Documents\Mes sites Web\PI\angcpnet\images\asstvg\patients_ve_implant.jpg --> ftp.webc.lyceu.net /www/angcp/images/asstvg patients_ve_implant.jpg
2004.06.12 16:45 B C:\Documents\Mes sites Web\PI\angcpnet\images\asstvg\pompe_thoratec.jpg --> ftp.webc.lyceu.net /www/angcp/images/asstvg pompe_thoratec.jpg
2004.06.12 16:45 B C:\Documents\Mes sites Web\PI\angcpnet\images\asstvg\schema1_abiocor.gif --> ftp.webc.lyceu.net /www/angcp/images/asstvg schema1_abiocor.gif
2004.06.12 16:45 B C:\Documents\Mes sites Web\PI\angcpnet\images\asstvg\schema2_abiocor.jpg --> ftp.webc.lyceu.net /www/angcp/images/asstvg schema2_abiocor.jpg
2004.06.12 16:45 B C:\Documents\Mes sites Web\PI\angcpnet\images\asstvg\schema_abiomedbvs5000.jpg --> ftp.webc.lyceu.net /www/angcp/images/asstvg schema_abiomedbvs5000.jpg
2004.06.12 16:45 B C:\Documents\Mes sites Web\PI\angcpnet\images\asstvg\schema_lvad.jpg --> ftp.webc.lyceu.net /www/angcp/images/asstvg schema_lvad.jpg
2004.06.12 16:45 B C:\Documents\Mes sites Web\PI\angcpnet\images\asstvg\schm_bdg.gif --> ftp.webc.lyceu.net /www/angcp/images/asstvg schm_bdg.gif
2004.06.12 16:45 B C:\Documents\Mes sites Web\PI\angcpnet\images\asstvg\schm_bg.gif --> ftp.webc.lyceu.net /www/angcp/images/asstvg schm_bg.gif
2004.06.12 16:45 B C:\Documents\Mes sites Web\PI\angcpnet\images\asstvg\schm_lion.gif --> ftp.webc.lyceu.net /www/angcp/images/asstvg schm_lion.gif
2004.06.12 16:45 B C:\Documents\Mes sites Web\PI\angcpnet\images\asstvg\schm_thoratec.jpg --> ftp.webc.lyceu.net /www/angcp/images/asstvg schm_thoratec.jpg
2004.06.12 16:45 B C:\Documents\Mes sites Web\PI\angcpnet\images\asstvg\schma_jarvik2000.gif --> ftp.webc.lyceu.net /www/angcp/images/asstvg schma_jarvik2000.gif
2004.06.12 16:45 B C:\Documents\Mes sites Web\PI\angcpnet\images\asstvg\thoratec_dock.jpg --> ftp.webc.lyceu.net /www/angcp/images/asstvg thoratec_dock.jpg
