vti_encoding:SR|utf8-nl
2002.11.20 23:06 B E:\\Mes sites Web\\angcpnet\\images\\asstvg\\_vti_cnf\\thoratec_dock.jpg --> home.pi.be /pubwww/angcpnet/images/asstvg/_vti_cnf thoratec_dock.jpg
vti_timelastmodified:TR|20 Nov 2002 22:07:10 -0000
vti_extenderversion:SR|4.0.2.6513
2004.06.12 16:44 B C:\Documents\Mes sites Web\PI\angcpnet\images\asstvg\_vti_cnf\abiocor2.jpg --> ftp.webc.lyceu.net /www/angcp/images/asstvg/_vti_cnf abiocor2.jpg
2004.06.12 16:44 B C:\Documents\Mes sites Web\PI\angcpnet\images\asstvg\_vti_cnf\abiocor_system.jpg --> ftp.webc.lyceu.net /www/angcp/images/asstvg/_vti_cnf abiocor_system.jpg
2004.06.12 16:44 B C:\Documents\Mes sites Web\PI\angcpnet\images\asstvg\_vti_cnf\abiomed-bvs5000.jpg --> ftp.webc.lyceu.net /www/angcp/images/asstvg/_vti_cnf abiomed-bvs5000.jpg
2004.06.12 16:44 B C:\Documents\Mes sites Web\PI\angcpnet\images\asstvg\_vti_cnf\canules_thoratec.jpg --> ftp.webc.lyceu.net /www/angcp/images/asstvg/_vti_cnf canules_thoratec.jpg
2004.06.12 16:44 B C:\Documents\Mes sites Web\PI\angcpnet\images\asstvg\_vti_cnf\console iabp.gif --> ftp.webc.lyceu.net /www/angcp/images/asstvg/_vti_cnf console iabp.gif
2004.06.12 16:44 B C:\Documents\Mes sites Web\PI\angcpnet\images\asstvg\_vti_cnf\console_thoratec.jpg --> ftp.webc.lyceu.net /www/angcp/images/asstvg/_vti_cnf console_thoratec.jpg
2004.06.12 16:44 B C:\Documents\Mes sites Web\PI\angcpnet\images\asstvg\_vti_cnf\hm1_150.jpg --> ftp.webc.lyceu.net /www/angcp/images/asstvg/_vti_cnf hm1_150.jpg
2004.06.12 16:44 B C:\Documents\Mes sites Web\PI\angcpnet\images\asstvg\_vti_cnf\hm5_150.jpg --> ftp.webc.lyceu.net /www/angcp/images/asstvg/_vti_cnf hm5_150.jpg
2004.06.12 16:44 B C:\Documents\Mes sites Web\PI\angcpnet\images\asstvg\_vti_cnf\hmip_console.jpg --> ftp.webc.lyceu.net /www/angcp/images/asstvg/_vti_cnf hmip_console.jpg
2004.06.12 16:44 B C:\Documents\Mes sites Web\PI\angcpnet\images\asstvg\_vti_cnf\hmmat8_150.jpg --> ftp.webc.lyceu.net /www/angcp/images/asstvg/_vti_cnf hmmat8_150.jpg
2004.06.12 16:44 B C:\Documents\Mes sites Web\PI\angcpnet\images\asstvg\_vti_cnf\hmschm_fonct380.jpg --> ftp.webc.lyceu.net /www/angcp/images/asstvg/_vti_cnf hmschm_fonct380.jpg
2004.06.12 16:44 B C:\Documents\Mes sites Web\PI\angcpnet\images\asstvg\_vti_cnf\hmve_console.gif --> ftp.webc.lyceu.net /www/angcp/images/asstvg/_vti_cnf hmve_console.gif
2004.06.12 16:44 B C:\Documents\Mes sites Web\PI\angcpnet\images\asstvg\_vti_cnf\hmve_controller.gif --> ftp.webc.lyceu.net /www/angcp/images/asstvg/_vti_cnf hmve_controller.gif
2004.06.12 16:44 B C:\Documents\Mes sites Web\PI\angcpnet\images\asstvg\_vti_cnf\hmve_pbu.gif --> ftp.webc.lyceu.net /www/angcp/images/asstvg/_vti_cnf hmve_pbu.gif
2004.06.12 16:44 B C:\Documents\Mes sites Web\PI\angcpnet\images\asstvg\_vti_cnf\iabp_cath.jpg --> ftp.webc.lyceu.net /www/angcp/images/asstvg/_vti_cnf iabp_cath.jpg
2004.06.12 16:44 B C:\Documents\Mes sites Web\PI\angcpnet\images\asstvg\_vti_cnf\jarvik2000a.jpg --> ftp.webc.lyceu.net /www/angcp/images/asstvg/_vti_cnf jarvik2000a.jpg
2004.06.12 16:44 B C:\Documents\Mes sites Web\PI\angcpnet\images\asstvg\_vti_cnf\jarvik7b.jpg --> ftp.webc.lyceu.net /www/angcp/images/asstvg/_vti_cnf jarvik7b.jpg
2004.06.12 16:44 B C:\Documents\Mes sites Web\PI\angcpnet\images\asstvg\_vti_cnf\lion-heart.gif --> ftp.webc.lyceu.net /www/angcp/images/asstvg/_vti_cnf lion-heart.gif
2004.06.12 16:44 B C:\Documents\Mes sites Web\PI\angcpnet\images\asstvg\_vti_cnf\patient1_thoratec.jpg --> ftp.webc.lyceu.net /www/angcp/images/asstvg/_vti_cnf patient1_thoratec.jpg
2004.06.12 16:44 B C:\Documents\Mes sites Web\PI\angcpnet\images\asstvg\_vti_cnf\patient2_thoratec.jpg --> ftp.webc.lyceu.net /www/angcp/images/asstvg/_vti_cnf patient2_thoratec.jpg
2004.06.12 16:44 B C:\Documents\Mes sites Web\PI\angcpnet\images\asstvg\_vti_cnf\patients_ve_implant.jpg --> ftp.webc.lyceu.net /www/angcp/images/asstvg/_vti_cnf patients_ve_implant.jpg
2004.06.12 16:44 B C:\Documents\Mes sites Web\PI\angcpnet\images\asstvg\_vti_cnf\pompe_thoratec.jpg --> ftp.webc.lyceu.net /www/angcp/images/asstvg/_vti_cnf pompe_thoratec.jpg
2004.06.12 16:44 B C:\Documents\Mes sites Web\PI\angcpnet\images\asstvg\_vti_cnf\schema1_abiocor.gif --> ftp.webc.lyceu.net /www/angcp/images/asstvg/_vti_cnf schema1_abiocor.gif
2004.06.12 16:44 B C:\Documents\Mes sites Web\PI\angcpnet\images\asstvg\_vti_cnf\schema2_abiocor.jpg --> ftp.webc.lyceu.net /www/angcp/images/asstvg/_vti_cnf schema2_abiocor.jpg
2004.06.12 16:44 B C:\Documents\Mes sites Web\PI\angcpnet\images\asstvg\_vti_cnf\schema_abiomedbvs5000.jpg --> ftp.webc.lyceu.net /www/angcp/images/asstvg/_vti_cnf schema_abiomedbvs5000.jpg
2004.06.12 16:44 B C:\Documents\Mes sites Web\PI\angcpnet\images\asstvg\_vti_cnf\schema_lvad.jpg --> ftp.webc.lyceu.net /www/angcp/images/asstvg/_vti_cnf schema_lvad.jpg
2004.06.12 16:44 B C:\Documents\Mes sites Web\PI\angcpnet\images\asstvg\_vti_cnf\schm_bdg.gif --> ftp.webc.lyceu.net /www/angcp/images/asstvg/_vti_cnf schm_bdg.gif
2004.06.12 16:44 B C:\Documents\Mes sites Web\PI\angcpnet\images\asstvg\_vti_cnf\schm_bg.gif --> ftp.webc.lyceu.net /www/angcp/images/asstvg/_vti_cnf schm_bg.gif
2004.06.12 16:44 B C:\Documents\Mes sites Web\PI\angcpnet\images\asstvg\_vti_cnf\schm_lion.gif --> ftp.webc.lyceu.net /www/angcp/images/asstvg/_vti_cnf schm_lion.gif
2004.06.12 16:45 B C:\Documents\Mes sites Web\PI\angcpnet\images\asstvg\_vti_cnf\schm_thoratec.jpg --> ftp.webc.lyceu.net /www/angcp/images/asstvg/_vti_cnf schm_thoratec.jpg
2004.06.12 16:45 B C:\Documents\Mes sites Web\PI\angcpnet\images\asstvg\_vti_cnf\schma_jarvik2000.gif --> ftp.webc.lyceu.net /www/angcp/images/asstvg/_vti_cnf schma_jarvik2000.gif
2004.06.12 16:45 B C:\Documents\Mes sites Web\PI\angcpnet\images\asstvg\_vti_cnf\thoratec_dock.jpg --> ftp.webc.lyceu.net /www/angcp/images/asstvg/_vti_cnf thoratec_dock.jpg
